Start testing: Oct 31 15:11 CST
----------------------------------------------------------
1/1 Testing: bp_unit_cacl_tests
1/1 Test: bp_unit_cacl_tests
Command: "/home/qkh0701wsl/code/cpp/polar_code/tests/unit/bin/bp_unit_cacl_tests"
Directory: /home/qkh0701wsl/code/cpp/polar_code/build
"bp_unit_cacl_tests" start time: Oct 31 15:11 CST
Output:
----------------------------------------------------------
[==========] Running 4 tests from 1 test suite.
[----------] Global test environment set-up.
[----------] 4 tests from BpUnitCaclTest
[ RUN      ] BpUnitCaclTest.LeftUpLeftInfoCacl
[TestBody] result: 1.875
calc
[TestBody] f_func_result: 1.875
[       OK ] BpUnitCaclTest.LeftUpLeftInfoCacl (0 ms)
[ RUN      ] BpUnitCaclTest.LeftDownLeftInfoCacl
[TestBody] result: -6.5
calc
[TestBody] f_func_result: -6.5
[       OK ] BpUnitCaclTest.LeftDownLeftInfoCacl (0 ms)
[ RUN      ] BpUnitCaclTest.RightUpRightInfoCacl
[TestBody] result: 0.8789
calc
[TestBody] f_func_result: 0.878906
[       OK ] BpUnitCaclTest.RightUpRightInfoCacl (0 ms)
[ RUN      ] BpUnitCaclTest.RightDownRightInfoCacl
[TestBody] result: -3.51562
calc
[TestBody] f_func_result: -3.51562
[       OK ] BpUnitCaclTest.RightDownRightInfoCacl (0 ms)
[----------] 4 tests from BpUnitCaclTest (0 ms total)

[----------] Global test environment tear-down
[==========] 4 tests from 1 test suite ran. (0 ms total)
[  PASSED  ] 4 tests.
<end of output>
Test time =   0.00 sec
----------------------------------------------------------
Test Passed.
"bp_unit_cacl_tests" end time: Oct 31 15:11 CST
"bp_unit_cacl_tests" time elapsed: 00:00:00
----------------------------------------------------------

End testing: Oct 31 15:11 CST
